\BOOKMARK [0][-]{chapter.1}{Introduction}{}% 1
\BOOKMARK [1][-]{section.1.1}{Bose-Einstein\040condensate}{chapter.1}% 2
\BOOKMARK [-1][-]{part.1}{I\040Implementation}{}% 3
\BOOKMARK [0][-]{chapter.2}{The\040System}{part.1}% 4
\BOOKMARK [1][-]{section.2.1}{Methods}{chapter.2}% 5
\BOOKMARK [2][-]{subsection.2.1.1}{Sampling\040methods}{section.2.1}% 6
\BOOKMARK [2][-]{subsection.2.1.2}{Iterative\040methods\040to\040find\040optimal\040variational\040parameters}{section.2.1}% 7
\BOOKMARK [2][-]{subsection.2.1.3}{Statistical\040analysis\040-\040blocking\040method}{section.2.1}% 8
\BOOKMARK [2][-]{subsection.2.1.4}{Structure\040of\040the\040code}{section.2.1}% 9
\BOOKMARK [1][-]{section.2.2}{Trial\040Wave-function}{chapter.2}% 10
\BOOKMARK [2][-]{subsection.2.2.1}{ML\040trial\040wave-function}{section.2.2}% 11
\BOOKMARK [-1][-]{part.2}{II\040Data\040Analysis\040and\040Results}{}% 12
\BOOKMARK [0][-]{chapter.3}{Non-Interacting\040Bosons\040in\040a\040Spherical\040and\040Elliptical\040Harmonic\040Trap}{part.2}% 13
\BOOKMARK [1][-]{section.3.1}{Non-interacting\040bosons\040in\040a\040spherical\040harmonic\040trap}{chapter.3}% 14
\BOOKMARK [2][-]{subsection.3.1.1}{BFM\040algorithm}{section.3.1}% 15
\BOOKMARK [2][-]{subsection.3.1.2}{ISMH\040algorithm}{section.3.1}% 16
\BOOKMARK [2][-]{subsection.3.1.3}{Energy\040of\040non-interacting\040bosons\040in\040a\040spherical\040harmonic\040trap}{section.3.1}% 17
\BOOKMARK [1][-]{section.3.2}{Non-interacting\040bosons\040in\040an\040elliptical\040harmonic\040trap}{chapter.3}% 18
\BOOKMARK [0][-]{chapter.4}{Interacting\040Bosons\040in\040an\040Elliptical\040Harmonic\040Trap}{part.2}% 19
\BOOKMARK [-1][-]{part.3}{III\040Conclusions}{}% 20
\BOOKMARK [0][-]{chapter.5}{Summary\040and\040Outlook}{part.3}% 21
